Determining if the pthread_create exist failed with the following output:
Change Dir: /home/wangzhongju/workspace/wzj/img_algorithm/KNN/build/CMakeFiles/CMakeTmp

Run Build Command:"/usr/bin/make" "cmTC_8fe3b/fast"
/usr/bin/make -f CMakeFiles/cmTC_8fe3b.dir/build.make CMakeFiles/cmTC_8fe3b.dir/build
make[1]: Entering directory '/home/wangzhongju/workspace/wzj/img_algorithm/KNN/build/CMakeFiles/CMakeTmp'
Building C object CMakeFiles/cmTC_8fe3b.dir/CheckSymbolExists.c.o
/usr/bin/cc   -fPIC    -o CMakeFiles/cmTC_8fe3b.dir/CheckSymbolExists.c.o   -c /home/wangzhongju/workspace/wzj/img_algorithm/KNN/build/CMakeFiles/CMakeTmp/CheckSymbolExists.c
Linking C executable cmTC_8fe3b
/usr/local/bin/cmake -E cmake_link_script CMakeFiles/cmTC_8fe3b.dir/link.txt --verbose=1
/usr/bin/cc -fPIC     CMakeFiles/cmTC_8fe3b.dir/CheckSymbolExists.c.o  -o cmTC_8fe3b 
CMakeFiles/cmTC_8fe3b.dir/CheckSymbolExists.c.o: In function `main':
CheckSymbolExists.c:(.text+0x1b): undefined reference to `pthread_create'
collect2: error: ld returned 1 exit status
CMakeFiles/cmTC_8fe3b.dir/build.make:86: recipe for target 'cmTC_8fe3b' failed
make[1]: *** [cmTC_8fe3b] Error 1
make[1]: Leaving directory '/home/wangzhongju/workspace/wzj/img_algorithm/KNN/build/CMakeFiles/CMakeTmp'
Makefile:121: recipe for target 'cmTC_8fe3b/fast' failed
make: *** [cmTC_8fe3b/fast] Error 2

File /home/wangzhongju/workspace/wzj/img_algorithm/KNN/build/CMakeFiles/CMakeTmp/CheckSymbolExists.c:
/* */
#include <pthread.h>

int main(int argc, char** argv)
{
  (void)argv;
#ifndef pthread_create
  return ((int*)(&pthread_create))[argc];
#else
  (void)argc;
  return 0;
#endif
}

Determining if the function pthread_create exists in the pthreads failed with the following output:
Change Dir: /home/wangzhongju/workspace/wzj/img_algorithm/KNN/build/CMakeFiles/CMakeTmp

Run Build Command:"/usr/bin/make" "cmTC_25e5d/fast"
/usr/bin/make -f CMakeFiles/cmTC_25e5d.dir/build.make CMakeFiles/cmTC_25e5d.dir/build
make[1]: Entering directory '/home/wangzhongju/workspace/wzj/img_algorithm/KNN/build/CMakeFiles/CMakeTmp'
Building C object CMakeFiles/cmTC_25e5d.dir/CheckFunctionExists.c.o
/usr/bin/cc   -fPIC -DCHECK_FUNCTION_EXISTS=pthread_create   -o CMakeFiles/cmTC_25e5d.dir/CheckFunctionExists.c.o   -c /usr/local/share/cmake-3.12/Modules/CheckFunctionExists.c
Linking C executable cmTC_25e5d
/usr/local/bin/cmake -E cmake_link_script CMakeFiles/cmTC_25e5d.dir/link.txt --verbose=1
/usr/bin/cc -fPIC -DCHECK_FUNCTION_EXISTS=pthread_create    CMakeFiles/cmTC_25e5d.dir/CheckFunctionExists.c.o  -o cmTC_25e5d -lpthreads 
/usr/bin/ld: cannot find -lpthreads
collect2: error: ld returned 1 exit status
CMakeFiles/cmTC_25e5d.dir/build.make:86: recipe for target 'cmTC_25e5d' failed
make[1]: *** [cmTC_25e5d] Error 1
make[1]: Leaving directory '/home/wangzhongju/workspace/wzj/img_algorithm/KNN/build/CMakeFiles/CMakeTmp'
Makefile:121: recipe for target 'cmTC_25e5d/fast' failed
make: *** [cmTC_25e5d/fast] Error 2


